#
# A fatal error has been detected by the Java Runtime Environment:
#
#  EXCEPTION_ACCESS_VIOLATION (0xc0000005) at pc=0x00007ffbb4e22477, pid=19424, tid=16068
#
# JRE version: OpenJDK Runtime Environment (19.0.2+7) (build 19.0.2+7-44)
# Java VM: OpenJDK 64-Bit Server VM (19.0.2+7-44, mixed mode, sharing, tiered, compressed oops, compressed class ptrs, g1 gc, windows-amd64)
# Problematic frame:
# V  [jvm.dll+0x262477]
#
# No core dump will be written. Minidumps are not enabled by default on client versions of Windows
#
# If you would like to submit a bug report, please visit:
#   https://bugreport.java.com/bugreport/crash.jsp
#

---------------  S U M M A R Y ------------

Command Line: -Dmaven.multiModuleProjectDirectory=C:\Users\Neilli\IdeaProjects\XmlBuilderApp -Djansi.passthrough=true -Dmaven.home=C:\Program Files\JetBrains\IntelliJ IDEA Community Edition 2022.3.2\plugins\maven\lib\maven3 -Dclassworlds.conf=C:\Program Files\JetBrains\IntelliJ IDEA Community Edition 2022.3.2\plugins\maven\lib\maven3\bin\m2.conf -Dmaven.ext.class.path=C:\Program Files\JetBrains\IntelliJ IDEA Community Edition 2022.3.2\plugins\maven\lib\maven-event-listener.jar -javaagent:C:\Program Files\JetBrains\IntelliJ IDEA Community Edition 2022.3.2\lib\idea_rt.jar=49913:C:\Program Files\JetBrains\IntelliJ IDEA Community Edition 2022.3.2\bin -Dfile.encoding=UTF-8 -Dsun.stdout.encoding=UTF-8 -Dsun.stderr.encoding=UTF-8 org.codehaus.classworlds.Launcher -Didea.version=2022.3.2 install

Host: 12th Gen Intel(R) Core(TM) i5-12400F, 12 cores, 31G,  Windows 10 , 64 bit Build 19041 (10.0.19041.2546)
Time: Mon Mar  6 10:47:07 2023 RTZ 2 (s 10 , 64 bit Build 19041 (10.0.19041.2546) elapsed time: 1.983514 seconds (0d 0h 0m 1s)

---------------  T H R E A D  ---------------

Current thread (0x000001e2ff833200):  JavaThread "Sweeper thread" daemon [_thread_in_vm, id=16068, stack(0x0000003743300000,0x0000003743400000)]

Stack: [0x0000003743300000,0x0000003743400000],  sp=0x00000037433ff190,  free space=1020k
Native frames: (J=compiled Java code, j=interpreted, Vv=VM code, C=native code)
V  [jvm.dll+0x262477]
V  [jvm.dll+0x26217b]
V  [jvm.dll+0x7be495]
V  [jvm.dll+0x7be759]
V  [jvm.dll+0x7bee17]
V  [jvm.dll+0x807588]
V  [jvm.dll+0x80125a]
V  [jvm.dll+0x6ecf0b]
C  [ucrtbase.dll+0x21bb2]
C  [KERNEL32.DLL+0x17614]
C  [ntdll.dll+0x526a1]


siginfo: EXCEPTION_ACCESS_VIOLATION (0xc0000005), reading address 0xffffffffffffffff


Registers:
RAX=0x8668f4f4f4f4f4f4, RBX=0x8668f4f4f4f4f4f4, RCX=0x0000000000000000, RDX=0x0000000000000004
RSP=0x00000037433ff190, RBP=0x00000037433ff239, RSI=0x000001e2ee16d110, RDI=0x0000000000000000
R8 =0x00000037433ff200, R9 =0x00000000000000ff, R10=0x00007ffbb4bc0000, R11=0x00000037433fee48
R12=0x0000000000000000, R13=0x000001e2ff814f00, R14=0x000001e2de54a700, R15=0x0000000000000000
RIP=0x00007ffbb4e22477, EFLAGS=0x0000000000010282


Register to memory mapping:

RIP=0x00007ffbb4e22477 jvm.dll
RAX=0x8668f4f4f4f4f4f4 is an unknown value
RBX=0x8668f4f4f4f4f4f4 is an unknown value
RCX=0x0 is NULL
RDX=0x0000000000000004 is an unknown value
RSP=0x00000037433ff190 is pointing into the stack for thread: 0x000001e2ff833200
RBP=0x00000037433ff239 is pointing into the stack for thread: 0x000001e2ff833200
RSI=0x000001e2ee16d110 is at entry_point+-496 in (nmethod*)0x000001e2ee16d110
Compiled method (c2)    1989 4150       4       java.lang.invoke.MethodType$ConcurrentWeakInternSet::get (47 bytes)
 total in heap  [0x000001e2ee16d110,0x000001e2ee16e140] = 4144
 relocation     [0x000001e2ee16d270,0x000001e2ee16d2f8] = 136
 main code      [0x000001e2ee16d300,0x000001e2ee16dbe0] = 2272
 stub code      [0x000001e2ee16dbe0,0x000001e2ee16dc28] = 72
 metadata       [0x000001e2ee16dc28,0x000001e2ee16dc70] = 72
 scopes data    [0x000001e2ee16dc70,0x000001e2ee16de98] = 552
 scopes pcs     [0x000001e2ee16de98,0x000001e2ee16e078] = 480
 dependencies   [0x000001e2ee16e078,0x000001e2ee16e080] = 8
 handler table  [0x000001e2ee16e080,0x000001e2ee16e110] = 144
 nul chk table  [0x000001e2ee16e110,0x000001e2ee16e140] = 48
RDI=0x0 is NULL
R8 =0x00000037433ff200 is pointing into the stack for thread: 0x000001e2ff833200
R9 =0x00000000000000ff is an unknown value
R10=0x00007ffbb4bc0000 jvm.dll
R11=0x00000037433fee48 is pointing into the stack for thread: 0x000001e2ff833200
R12=0x0 is NULL
R13=0x000001e2ff814f00 points into unknown readable memory: 0x0000000000000002 | 02 00 00 00 00 00 00 00
R14=0x000001e2de54a700 points into unknown readable memory: 0x0000000000000000 | 00 00 00 00 00 00 00 00
R15=0x0 is NULL


Top of Stack: (sp=0x00000037433ff190)
0x00000037433ff190:   0000000000000000 00000037433ff239
0x00000037433ff1a0:   000001e2ee16d110 0000000000000000
0x00000037433ff1b0:   000001e2ff8338f0 000001e2ff833cc8
0x00000037433ff1c0:   0000000000000000 000001e2ee16d2e4
0x00000037433ff1d0:   000001e2ee16d2f8 000001e2ee16d110
0x00000037433ff1e0:   000001e2ee16dc20 0000000000000001
0x00000037433ff1f0:   00000037433ff1e8 000001e2de540000
0x00000037433ff200:   000001e2ee16d300 000001e2ee16d300
0x00000037433ff210:   000001e2ee16dbe0 000001e2ee16d300
0x00000037433ff220:   000001e2ee16dbe0 000001e2ee16dc28
0x00000037433ff230:   00007ffbb55345a8 00000037433ff1c0
0x00000037433ff240:   000000370000000c 0000000000000000
0x00000037433ff250:   000001e200000000 0000000000000000
0x00000037433ff260:   0000000000000002 000001e2de54a760
0x00000037433ff270:   0000000000000000 0000000000000037
0x00000037433ff280:   000001e2ee16d110 000001e2ee16d110 

Instructions: (pc=0x00007ffbb4e22477)
0x00007ffbb4e22377:   4d 00 45 32 f6 48 8d 1d 25 22 71 00 ba 00 78 00
0x00007ffbb4e22387:   00 b9 00 f8 00 00 0f 1f 00 48 8b 45 8f 48 83 c0
0x00007ffbb4e22397:   02 48 89 45 8f 48 3b 45 97 0f 84 58 03 00 00 66
0x00007ffbb4e223a7:   89 7d bf 0f b7 00 66 23 c1 66 3b c2 75 09 48 8d
0x00007ffbb4e223b7:   4d 87 e8 32 9e 4d 00 48 8b 45 8f 0f b7 10 48 8b
0x00007ffbb4e223c7:   45 87 81 e2 ff 01 00 00 48 03 55 a7 48 89 55 a7
0x00007ffbb4e223d7:   48 85 c0 74 09 48 3b d0 0f 83 19 03 00 00 48 8b
0x00007ffbb4e223e7:   45 8f 0f b7 08 c1 e9 0b 83 e9 02 0f 84 ae 01 00
0x00007ffbb4e223f7:   00 83 e9 01 0f 84 67 01 00 00 83 e9 01 0f 84 ca
0x00007ffbb4e22407:   00 00 00 ba 00 78 00 00 83 e9 01 0f 84 b4 00 00
0x00007ffbb4e22417:   00 83 f9 07 b9 00 f8 00 00 0f 85 6a ff ff ff 45
0x00007ffbb4e22427:   84 f6 0f 84 61 ff ff ff 48 8b 06 48 8b ce 45 32
0x00007ffbb4e22437:   f6 ff 90 18 02 00 00 84 c0 0f 85 1b 01 00 00 48
0x00007ffbb4e22447:   8d 45 87 c7 45 07 0c 00 00 00 48 8d 4d f7 48 89
0x00007ffbb4e22457:   45 ff 48 89 5d f7 e8 3e b7 4d 00 48 8d 4d f7 e8
0x00007ffbb4e22467:   75 a5 4d 00 48 8b d8 48 85 c0 0f 84 ea 00 00 00
0x00007ffbb4e22477:   48 8b 10 48 8b c8 ff 52 10 84 c0 0f 84 d9 00 00
0x00007ffbb4e22487:   00 48 8b 43 08 48 8b 48 08 48 8b 49 18 48 8b 89
0x00007ffbb4e22497:   98 00 00 00 e8 70 67 fc ff 84 c0 0f 85 b9 00 00
0x00007ffbb4e224a7:   00 48 8d 4d f7 e8 0f a5 4d 00 48 89 38 83 7d 0f
0x00007ffbb4e224b7:   00 0f 84 a3 00 00 00 48 8d 4d f7 e8 79 a1 4d 00
0x00007ffbb4e224c7:   e9 b0 fe ff ff 41 b6 01 e9 b4 fe ff ff 48 8b 1e
0x00007ffbb4e224d7:   48 8d 4d 87 e8 90 ab 4d 00 48 8b d0 48 8b ce ff
0x00007ffbb4e224e7:   93 00 02 00 00 48 8b c8 48 8b f8 48 8b 10 ff 12
0x00007ffbb4e224f7:   48 8b c8 e8 d1 3c fd ff 48 85 c0 74 5d 33 db 38
0x00007ffbb4e22507:   58 59 48 0f 45 d8 48 85 db 74 4f 45 84 ff 75 2d
0x00007ffbb4e22517:   48 8b 03 48 8b cb ff 90 b8 00 00 00 84 c0 74 1d
0x00007ffbb4e22527:   48 8b 03 48 8b cb ff 90 18 02 00 00 84 c0 75 0d
0x00007ffbb4e22537:   48 8b 43 70 48 8b 40 48 48 3b c3 74 1d 48 8b 06
0x00007ffbb4e22547:   48 8b ce ff 90 18 02 00 00 84 c0 48 8b cf 0f 94
0x00007ffbb4e22557:   c2 e8 f3 ef ff ff 84 c0 74 3e 33 ff e9 14 fe ff
0x00007ffbb4e22567:   ff 33 d2 8d 4a 20 e8 6e 09 4e 00 48 85 c0 74 0e 


Stack slot to memory mapping:
stack at sp + 0 slots: 0x0 is NULL
stack at sp + 1 slots: 0x00000037433ff239 is pointing into the stack for thread: 0x000001e2ff833200
stack at sp + 2 slots: 0x000001e2ee16d110 is at entry_point+-496 in (nmethod*)0x000001e2ee16d110
Compiled method (c2)    1992 4150       4       java.lang.invoke.MethodType$ConcurrentWeakInternSet::get (47 bytes)
 total in heap  [0x000001e2ee16d110,0x000001e2ee16e140] = 4144
 relocation     [0x000001e2ee16d270,0x000001e2ee16d2f8] = 136
 main code      [0x000001e2ee16d300,0x000001e2ee16dbe0] = 2272
 stub code      [0x000001e2ee16dbe0,0x000001e2ee16dc28] = 72
 metadata       [0x000001e2ee16dc28,0x000001e2ee16dc70] = 72
 scopes data    [0x000001e2ee16dc70,0x000001e2ee16de98] = 552
 scopes pcs     [0x000001e2ee16de98,0x000001e2ee16e078] = 480
 dependencies   [0x000001e2ee16e078,0x000001e2ee16e080] = 8
 handler table  [0x000001e2ee16e080,0x000001e2ee16e110] = 144
 nul chk table  [0x000001e2ee16e110,0x000001e2ee16e140] = 48
stack at sp + 3 slots: 0x0 is NULL
stack at sp + 4 slots: 0x000001e2ff8338f0 points into unknown readable memory: 0x000001e2ff833910 | 10 39 83 ff e2 01 00 00
stack at sp + 5 slots: 0x000001e2ff833cc8 points into unknown readable memory: 0x10042a4feb71cf0f | 0f cf 71 eb 4f 2a 04 10
stack at sp + 6 slots: 0x0 is NULL
stack at sp + 7 slots: 0x000001e2ee16d2e4 is at entry_point+-28 in (nmethod*)0x000001e2ee16d110
Compiled method (c2)    1993 4150       4       java.lang.invoke.MethodType$ConcurrentWeakInternSet::get (47 bytes)
 total in heap  [0x000001e2ee16d110,0x000001e2ee16e140] = 4144
 relocation     [0x000001e2ee16d270,0x000001e2ee16d2f8] = 136
 main code      [0x000001e2ee16d300,0x000001e2ee16dbe0] = 2272
 stub code      [0x000001e2ee16dbe0,0x000001e2ee16dc28] = 72
 metadata       [0x000001e2ee16dc28,0x000001e2ee16dc70] = 72
 scopes data    [0x000001e2ee16dc70,0x000001e2ee16de98] = 552
 scopes pcs     [0x000001e2ee16de98,0x000001e2ee16e078] = 480
 dependencies   [0x000001e2ee16e078,0x000001e2ee16e080] = 8
 handler table  [0x000001e2ee16e080,0x000001e2ee16e110] = 144
 nul chk table  [0x000001e2ee16e110,0x000001e2ee16e140] = 48


---------------  P R O C E S S  ---------------

Threads class SMR info:
_java_thread_list=0x000001e2901f0cc0, length=15, elements={
0x000001e2de54f410, 0x000001e2ff8161d0, 0x000001e2ff817160, 0x000001e2ff819900,
0x000001e2ff81a230, 0x000001e2ff81ad00, 0x000001e2ff81bab0, 0x000001e2ff81db40,
0x000001e2ff82f6d0, 0x000001e2ff833200, 0x000001e2ff937270, 0x000001e2ffaa8690,
0x000001e2ffaa8bd0, 0x000001e2ffa228e0, 0x000001e290417630
}

Java Threads: ( => current thread )
  0x000001e2de54f410 JavaThread "main" [_thread_in_vm, id=17784, stack(0x0000003742400000,0x0000003742500000)]
  0x000001e2ff8161d0 JavaThread "Reference Handler" daemon [_thread_blocked, id=18084, stack(0x0000003742b00000,0x0000003742c00000)]
  0x000001e2ff817160 JavaThread "Finalizer" daemon [_thread_blocked, id=17452, stack(0x0000003742c00000,0x0000003742d00000)]
  0x000001e2ff819900 JavaThread "Signal Dispatcher" daemon [_thread_blocked, id=8688, stack(0x0000003742d00000,0x0000003742e00000)]
  0x000001e2ff81a230 JavaThread "Attach Listener" daemon [_thread_blocked, id=19180, stack(0x0000003742e00000,0x0000003742f00000)]
  0x000001e2ff81ad00 JavaThread "Service Thread" daemon [_thread_blocked, id=8808, stack(0x0000003742f00000,0x0000003743000000)]
  0x000001e2ff81bab0 JavaThread "Monitor Deflation Thread" daemon [_thread_blocked, id=17624, stack(0x0000003743000000,0x0000003743100000)]
  0x000001e2ff81db40 JavaThread "C2 CompilerThread0" daemon [_thread_blocked, id=6928, stack(0x0000003743100000,0x0000003743200000)]
  0x000001e2ff82f6d0 JavaThread "C1 CompilerThread0" daemon [_thread_blocked, id=17012, stack(0x0000003743200000,0x0000003743300000)]
=>0x000001e2ff833200 JavaThread "Sweeper thread" daemon [_thread_in_vm, id=16068, stack(0x0000003743300000,0x0000003743400000)]
  0x000001e2ff937270 JavaThread "Common-Cleaner" daemon [_thread_blocked, id=3268, stack(0x0000003743400000,0x0000003743500000)]
  0x000001e2ffaa8690 JavaThread "Monitor Ctrl-Break" daemon [_thread_in_native, id=19104, stack(0x0000003743500000,0x0000003743600000)]
  0x000001e2ffaa8bd0 JavaThread "Notification Thread" daemon [_thread_blocked, id=10852, stack(0x0000003743600000,0x0000003743700000)]
  0x000001e2ffa228e0 JavaThread "C2 CompilerThread1" daemon [_thread_blocked, id=19252, stack(0x0000003743800000,0x0000003743900000)]
  0x000001e290417630 JavaThread "C2 CompilerThread2" daemon [_thread_in_native, id=3572, stack(0x0000003743900000,0x0000003743a00000)]

Other Threads:
  0x000001e2fade75d0 VMThread "VM Thread" [stack: 0x0000003742a00000,0x0000003742b00000] [id=3460]
  0x000001e2de550340 WatcherThread "VM Periodic Task Thread" [stack: 0x0000003743700000,0x0000003743800000] [id=8892]
  0x000001e2de6019a0 WorkerThread "GC Thread#0" [stack: 0x0000003742500000,0x0000003742600000] [id=9336]
  0x000001e290a925f0 WorkerThread "GC Thread#1" [stack: 0x0000003743a00000,0x0000003743b00000] [id=3968]
  0x000001e290a928c0 WorkerThread "GC Thread#2" [stack: 0x0000003743b00000,0x0000003743c00000] [id=18752]
  0x000001e290a92050 WorkerThread "GC Thread#3" [stack: 0x0000003743c00000,0x0000003743d00000] [id=16612]
  0x000001e290a93130 WorkerThread "GC Thread#4" [stack: 0x0000003743d00000,0x0000003743e00000] [id=16636]
  0x000001e290a92b90 WorkerThread "GC Thread#5" [stack: 0x0000003743e00000,0x0000003743f00000] [id=17564]
  0x000001e290a93400 WorkerThread "GC Thread#6" [stack: 0x0000003743f00000,0x0000003744000000] [id=19360]
  0x000001e290a91d80 WorkerThread "GC Thread#7" [stack: 0x0000003744000000,0x0000003744100000] [id=17480]
  0x000001e290a92320 WorkerThread "GC Thread#8" [stack: 0x0000003744100000,0x0000003744200000] [id=18120]
  0x000001e290a92e60 WorkerThread "GC Thread#9" [stack: 0x0000003744200000,0x0000003744300000] [id=18280]
  0x000001e2de612840 ConcurrentGCThread "G1 Main Marker" [stack: 0x0000003742600000,0x0000003742700000] [id=17940]
  0x000001e2de613920 WorkerThread "G1 Conc#0" [stack: 0x0000003742700000,0x0000003742800000] [id=9816]
  0x000001e2910aad80 WorkerThread "G1 Conc#1" [stack: 0x0000003744300000,0x0000003744400000] [id=17756]
  0x000001e2910ac400 WorkerThread "G1 Conc#2" [stack: 0x0000003744400000,0x0000003744500000] [id=18116]
  0x000001e2fac9f380 ConcurrentGCThread "G1 Refine#0" [stack: 0x0000003742800000,0x0000003742900000] [id=6960]
  0x000001e2fac9fdd0 ConcurrentGCThread "G1 Service" [stack: 0x0000003742900000,0x0000003742a00000] [id=17876]

Threads with active compile tasks:
C2 CompilerThread2     1994 6065   !   4       com.google.inject.spi.InjectionPoint::getInjectionPoints (489 bytes)

VM state: not at safepoint (normal execution)

VM Mutex/Monitor currently owned by a thread:  ([mutex/lock_event])
[0x000001e2de548990] CompiledIC_lock - owner thread: 0x000001e2ff833200

Heap address: 0x0000000602c00000, size: 8148 MB, Compressed Oops mode: Zero based, Oop shift amount: 3

CDS archive(s) mapped at: [0x0000000800000000-0x0000000800c40000-0x0000000800c40000), size 12845056, SharedBaseAddress: 0x0000000800000000, ArchiveRelocationMode: 0.
Compressed class space mapped at: 0x0000000801000000-0x0000000841000000, reserved size: 1073741824
Narrow klass base: 0x0000000800000000, Narrow klass shift: 0, Narrow klass range: 0x100000000

GC Precious Log:
 CardTable entry size: 512
 Card Set container configuration: InlinePtr #cards 4 size 8 Array Of Cards #cards 32 size 80 Howl #buckets 8 coarsen threshold 7372 Howl Bitmap #cards 1024 size 144 coarsen threshold 921 Card regions per heap region 1 cards per card region 8192
 CPUs: 12 total, 12 available
 Memory: 32581M
 Large Page Support: Disabled
 NUMA Support: Disabled
 Compressed Oops: Enabled (Zero based)
 Heap Region Size: 4M
 Heap Min Capacity: 8M
 Heap Initial Capacity: 512M
 Heap Max Capacity: 8148M
 Pre-touch: Disabled
 Parallel Workers: 10
 Concurrent Workers: 3
 Concurrent Refinement Workers: 10
 Periodic GC: Disabled

Heap:
 garbage-first heap   total 102400K, used 26304K [0x0000000602c00000, 0x0000000800000000)
  region size 4096K, 7 young (28672K), 4 survivors (16384K)
 Metaspace       used 28059K, committed 28480K, reserved 1114112K
  class space    used 3126K, committed 3328K, reserved 1048576K

Heap Regions: E=young(eden), S=young(survivor), O=old, HS=humongous(starts), HC=humongous(continues), CS=collection set, F=free, OA=open archive, CA=closed archive, TAMS=top-at-mark-start (previous, next)
|   0|0x0000000602c00000, 0x0000000602f9ba00, 0x0000000603000000| 90%| O|  |TAMS 0x0000000602f9ba00, 0x0000000602c00000| Untracked 
|   1|0x0000000603000000, 0x0000000603000000, 0x0000000603400000|  0%| F|  |TAMS 0x0000000603000000, 0x0000000603000000| Untracked 
|   2|0x0000000603400000, 0x0000000603400000, 0x0000000603800000|  0%| F|  |TAMS 0x0000000603400000, 0x0000000603400000| Untracked 
|   3|0x0000000603800000, 0x0000000603800000, 0x0000000603c00000|  0%| F|  |TAMS 0x0000000603800000, 0x0000000603800000| Untracked 
|   4|0x0000000603c00000, 0x0000000603c00000, 0x0000000604000000|  0%| F|  |TAMS 0x0000000603c00000, 0x0000000603c00000| Untracked 
|   5|0x0000000604000000, 0x0000000604000000, 0x0000000604400000|  0%| F|  |TAMS 0x0000000604000000, 0x0000000604000000| Untracked 
|   6|0x0000000604400000, 0x0000000604400000, 0x0000000604800000|  0%| F|  |TAMS 0x0000000604400000, 0x0000000604400000| Untracked 
|   7|0x0000000604800000, 0x0000000604800000, 0x0000000604c00000|  0%| F|  |TAMS 0x0000000604800000, 0x0000000604800000| Untracked 
|   8|0x0000000604c00000, 0x0000000604c00000, 0x0000000605000000|  0%| F|  |TAMS 0x0000000604c00000, 0x0000000604c00000| Untracked 
|   9|0x0000000605000000, 0x0000000605000000, 0x0000000605400000|  0%| F|  |TAMS 0x0000000605000000, 0x0000000605000000| Untracked 
|  10|0x0000000605400000, 0x0000000605400000, 0x0000000605800000|  0%| F|  |TAMS 0x0000000605400000, 0x0000000605400000| Untracked 
|  11|0x0000000605800000, 0x0000000605800000, 0x0000000605c00000|  0%| F|  |TAMS 0x0000000605800000, 0x0000000605800000| Untracked 
|  12|0x0000000605c00000, 0x0000000605c00000, 0x0000000606000000|  0%| F|  |TAMS 0x0000000605c00000, 0x0000000605c00000| Untracked 
|  13|0x0000000606000000, 0x0000000606000000, 0x0000000606400000|  0%| F|  |TAMS 0x0000000606000000, 0x0000000606000000| Untracked 
|  14|0x0000000606400000, 0x0000000606400000, 0x0000000606800000|  0%| F|  |TAMS 0x0000000606400000, 0x0000000606400000| Untracked 
|  15|0x0000000606800000, 0x0000000606c00000, 0x0000000606c00000|100%| S|CS|TAMS 0x0000000606800000, 0x0000000606800000| Complete 
|  16|0x0000000606c00000, 0x0000000607000000, 0x0000000607000000|100%| S|CS|TAMS 0x0000000606c00000, 0x0000000606c00000| Complete 
|  17|0x0000000607000000, 0x0000000607400000, 0x0000000607400000|100%| S|CS|TAMS 0x0000000607000000, 0x0000000607000000| Complete 
|  18|0x0000000607400000, 0x00000006074402e0, 0x0000000607800000|  6%| S|CS|TAMS 0x0000000607400000, 0x0000000607400000| Complete 
| 101|0x000000061c000000, 0x000000061c000000, 0x000000061c400000|  0%| F|  |TAMS 0x000000061c000000, 0x000000061c000000| Untracked 
| 102|0x000000061c400000, 0x000000061c400000, 0x000000061c800000|  0%| F|  |TAMS 0x000000061c400000, 0x000000061c400000| Untracked 
| 103|0x000000061c800000, 0x000000061ca00800, 0x000000061cc00000| 50%| E|  |TAMS 0x000000061c800000, 0x000000061c800000| Complete 
| 104|0x000000061cc00000, 0x000000061d000000, 0x000000061d000000|100%| E|CS|TAMS 0x000000061cc00000, 0x000000061cc00000| Complete 
| 127|0x0000000622800000, 0x0000000622c00000, 0x0000000622c00000|100%| E|CS|TAMS 0x0000000622800000, 0x0000000622800000| Complete 
|2036|0x00000007ffc00000, 0x00000007ffdd4400, 0x0000000800000000| 45%| O|  |TAMS 0x00000007ffc00000, 0x00000007ffc00000| Untracked 

Card table byte_map: [0x000001e2f69f0000,0x000001e2f79e0000] _byte_map_base: 0x000001e2f39da000

Marking Bits (Prev, Next): (CMBitMap*) 0x000001e2de601f20, (CMBitMap*) 0x000001e2de601ee0
 Prev Bits: [0x000001e287f50000, 0x000001e28fea0000)
 Next Bits: [0x000001e280000000, 0x000001e287f50000)

Polling page: 0x000001e2ddd20000

Metaspace:

Usage:
  Non-class:     24.35 MB used.
      Class:      3.05 MB used.
       Both:     27.40 MB used.

Virtual space:
  Non-class space:       64.00 MB reserved,      24.56 MB ( 38%) committed,  1 nodes.
      Class space:        1.00 GB reserved,       3.25 MB ( <1%) committed,  1 nodes.
             Both:        1.06 GB reserved,      27.81 MB (  3%) committed. 

Chunk freelists:
   Non-Class:  3.31 MB
       Class:  620.00 KB
        Both:  3.92 MB

MaxMetaspaceSize: unlimited
CompressedClassSpaceSize: 1.00 GB
Initial GC threshold: 21.00 MB
Current GC threshold: 35.31 MB
CDS: on
MetaspaceReclaimPolicy: balanced
 - commit_granule_bytes: 65536.
 - commit_granule_words: 8192.
 - virtual_space_node_default_size: 8388608.
 - enlarge_chunks_in_place: 1.
 - new_chunks_are_fully_committed: 0.
 - uncommit_free_chunks: 1.
 - use_allocation_guard: 0.


Internal statistics:

num_allocs_failed_limit: 3.
num_arena_births: 476.
num_arena_deaths: 0.
num_vsnodes_births: 2.
num_vsnodes_deaths: 0.
num_space_committed: 445.
num_space_uncommitted: 0.
num_chunks_returned_to_freelist: 3.
num_chunks_taken_from_freelist: 1473.
num_chunk_merges: 3.
num_chunk_splits: 1041.
num_chunks_enlarged: 789.
num_inconsistent_stats: 0.

CodeHeap 'non-profiled nmethods': size=120000Kb used=3015Kb max_used=3015Kb free=116984Kb
 bounds [0x000001e2edf80000, 0x000001e2ee280000, 0x000001e2f54b0000]
CodeHeap 'profiled nmethods': size=120000Kb used=12380Kb max_used=12380Kb free=107620Kb
 bounds [0x000001e2e64b0000, 0x000001e2e70d0000, 0x000001e2ed9e0000]
CodeHeap 'non-nmethods': size=5760Kb used=1306Kb max_used=1366Kb free=4454Kb
 bounds [0x000001e2ed9e0000, 0x000001e2edc50000, 0x000001e2edf80000]
 total_blobs=6626 nmethods=6099 adapters=437
 compilation: enabled
              stopped_count=0, restarted_count=0
 full_count=0

Compilation events (20 events):
Event: 1.976 Thread 0x000001e2ff82f6d0 6097   !   3       org.eclipse.sisu.inject.RankedBindings::newBeanCache (36 bytes)
Event: 1.976 Thread 0x000001e2ff82f6d0 nmethod 6097 0x000001e2e70c2990 code [0x000001e2e70c2b60, 0x000001e2e70c2fa8]
Event: 1.976 Thread 0x000001e2ff82f6d0 6098       3       org.eclipse.sisu.inject.BeanCache::<init> (5 bytes)
Event: 1.976 Thread 0x000001e2ff82f6d0 nmethod 6098 0x000001e2e70c3190 code [0x000001e2e70c3340, 0x000001e2e70c34f8]
Event: 1.976 Thread 0x000001e2ff82f6d0 6099       3       org.eclipse.sisu.inject.MildElements::add (66 bytes)
Event: 1.976 Thread 0x000001e2ff82f6d0 nmethod 6099 0x000001e2e70c3610 code [0x000001e2e70c3860, 0x000001e2e70c42d8]
Event: 1.976 Thread 0x000001e2ff82f6d0 6101       3       org.eclipse.sisu.inject.MildElements$Weak::<init> (12 bytes)
Event: 1.976 Thread 0x000001e2ff82f6d0 nmethod 6101 0x000001e2e70c4610 code [0x000001e2e70c47c0, 0x000001e2e70c4b18]
Event: 1.976 Thread 0x000001e2ff82f6d0 6073       1       java.util.logging.Level::intValue (5 bytes)
Event: 1.976 Thread 0x000001e2ff82f6d0 nmethod 6073 0x000001e2ee26c090 code [0x000001e2ee26c220, 0x000001e2ee26c2d8]
Event: 1.976 Thread 0x000001e2ff82f6d0 6102       1       java.lang.reflect.Method::getMethodAccessor (5 bytes)
Event: 1.976 Thread 0x000001e2ff82f6d0 nmethod 6102 0x000001e2ee26c390 code [0x000001e2ee26c520, 0x000001e2ee26c5f8]
Event: 1.976 Thread 0x000001e2ff82f6d0 6082       1       org.apache.maven.plugin.descriptor.MojoDescriptor::getPluginDescriptor (5 bytes)
Event: 1.976 Thread 0x000001e2ff82f6d0 nmethod 6082 0x000001e2ee26c690 code [0x000001e2ee26c820, 0x000001e2ee26c8f8]
Event: 1.978 Thread 0x000001e2ff81db40 nmethod 6030 0x000001e2ee26c990 code [0x000001e2ee26cc40, 0x000001e2ee26ec20]
Event: 1.978 Thread 0x000001e2ff81db40 6090   !   4       com.google.inject.internal.InternalFactoryToProviderAdapter::get (49 bytes)
Event: 1.980 Thread 0x000001e2ff82f6d0 6103   !   3       com.google.inject.internal.InjectorImpl::getBinding (45 bytes)
Event: 1.980 Thread 0x000001e2ff82f6d0 nmethod 6103 0x000001e2e70c4c10 code [0x000001e2e70c4f80, 0x000001e2e70c67d8]
Event: 1.981 Thread 0x000001e2ff81db40 nmethod 6090 0x000001e2ee26fd90 code [0x000001e2ee26ff60, 0x000001e2ee270288]
Event: 1.981 Thread 0x000001e2ff81db40 6062       4       java.lang.Module::getLayer (43 bytes)

GC Heap History (8 events):
Event: 0.344 GC heap before
{Heap before GC invocations=0 (full 0):
 garbage-first heap   total 524288K, used 24576K [0x0000000602c00000, 0x0000000800000000)
  region size 4096K, 6 young (24576K), 0 survivors (0K)
 Metaspace       used 5984K, committed 6144K, reserved 1114112K
  class space    used 660K, committed 704K, reserved 1048576K
}
Event: 0.347 GC heap after
{Heap after GC invocations=1 (full 0):
 garbage-first heap   total 524288K, used 4021K [0x0000000602c00000, 0x0000000800000000)
  region size 4096K, 1 young (4096K), 1 survivors (4096K)
 Metaspace       used 5984K, committed 6144K, reserved 1114112K
  class space    used 660K, committed 704K, reserved 1048576K
}
Event: 0.606 GC heap before
{Heap before GC invocations=1 (full 0):
 garbage-first heap   total 524288K, used 32693K [0x0000000602c00000, 0x0000000800000000)
  region size 4096K, 8 young (32768K), 1 survivors (4096K)
 Metaspace       used 10562K, committed 10752K, reserved 1114112K
  class space    used 1234K, committed 1344K, reserved 1048576K
}
Event: 0.609 GC heap after
{Heap after GC invocations=2 (full 0):
 garbage-first heap   total 524288K, used 5861K [0x0000000602c00000, 0x0000000800000000)
  region size 4096K, 1 young (4096K), 1 survivors (4096K)
 Metaspace       used 10562K, committed 10752K, reserved 1114112K
  class space    used 1234K, committed 1344K, reserved 1048576K
}
Event: 1.288 GC heap before
{Heap before GC invocations=2 (full 0):
 garbage-first heap   total 524288K, used 87781K [0x0000000602c00000, 0x0000000800000000)
  region size 4096K, 23 young (94208K), 1 survivors (4096K)
 Metaspace       used 21131K, committed 21504K, reserved 1114112K
  class space    used 2374K, committed 2560K, reserved 1048576K
}
Event: 1.295 GC heap after
{Heap after GC invocations=3 (full 0):
 garbage-first heap   total 524288K, used 19146K [0x0000000602c00000, 0x0000000800000000)
  region size 4096K, 4 young (16384K), 4 survivors (16384K)
 Metaspace       used 21131K, committed 21504K, reserved 1114112K
  class space    used 2374K, committed 2560K, reserved 1048576K
}
Event: 1.873 GC heap before
{Heap before GC invocations=4 (full 0):
 garbage-first heap   total 81920K, used 80586K [0x0000000602c00000, 0x0000000800000000)
  region size 4096K, 19 young (77824K), 4 survivors (16384K)
 Metaspace       used 27452K, committed 27904K, reserved 1114112K
  class space    used 3055K, committed 3264K, reserved 1048576K
}
Event: 1.880 GC heap after
{Heap after GC invocations=5 (full 0):
 garbage-first heap   total 102400K, used 18112K [0x0000000602c00000, 0x0000000800000000)
  region size 4096K, 4 young (16384K), 4 survivors (16384K)
 Metaspace       used 27452K, committed 27904K, reserved 1114112K
  class space    used 3055K, committed 3264K, reserved 1048576K
}

Dll operation events (12 events):
Event: 0.003 Loaded shared library C:\Users\Neilli\.jdks\openjdk-19.0.2\bin\java.dll
Event: 0.008 Loaded shared library C:\Users\Neilli\.jdks\openjdk-19.0.2\bin\jsvml.dll
Event: 0.038 Loaded shared library C:\Users\Neilli\.jdks\openjdk-19.0.2\bin\zip.dll
Event: 0.040 Loaded shared library C:\Users\Neilli\.jdks\openjdk-19.0.2\bin\instrument.dll
Event: 0.043 Loaded shared library C:\Users\Neilli\.jdks\openjdk-19.0.2\bin\net.dll
Event: 0.043 Loaded shared library C:\Users\Neilli\.jdks\openjdk-19.0.2\bin\nio.dll
Event: 0.045 Loaded shared library C:\Users\Neilli\.jdks\openjdk-19.0.2\bin\zip.dll
Event: 0.052 Loaded shared library C:\Program Files\JetBrains\IntelliJ IDEA Community Edition 2022.3.2\bin\breakgen64.dll
Event: 0.055 Loaded shared library C:\Users\Neilli\.jdks\openjdk-19.0.2\bin\extnet.dll
Event: 0.089 Loaded shared library C:\Users\Neilli\.jdks\openjdk-19.0.2\bin\verify.dll
Event: 0.091 Loaded shared library C:\Users\Neilli\.jdks\openjdk-19.0.2\bin\jimage.dll
Event: 0.140 Loaded shared library C:\Temp\jansi-1.17.1-17585790282947452691.dll

Deoptimization events (20 events):
Event: 1.946 Thread 0x000001e2de54f410 DEOPT PACKING pc=0x000001e2ee11a7f8 sp=0x00000037424fe340
Event: 1.946 Thread 0x000001e2de54f410 DEOPT UNPACKING pc=0x000001e2eda46da3 sp=0x00000037424fe2f0 mode 2
Event: 1.956 Thread 0x000001e2de54f410 DEOPT PACKING pc=0x000001e2e6616605 sp=0x00000037424fd270
Event: 1.956 Thread 0x000001e2de54f410 DEOPT UNPACKING pc=0x000001e2eda47543 sp=0x00000037424fc760 mode 0
Event: 1.975 Thread 0x000001e2de54f410 Uncommon trap: trap_request=0xffffffbe fr.pc=0x000001e2ee261798 relative=0x00000000000002f8
Event: 1.975 Thread 0x000001e2de54f410 Uncommon trap: reason=profile_predicate action=maybe_recompile pc=0x000001e2ee261798 method=java.util.HashMap.keysToArray([Ljava/lang/Object;)[Ljava/lang/Object; @ 36 c2
Event: 1.975 Thread 0x000001e2de54f410 DEOPT PACKING pc=0x000001e2ee261798 sp=0x00000037424fe4b0
Event: 1.975 Thread 0x000001e2de54f410 DEOPT UNPACKING pc=0x000001e2eda46da3 sp=0x00000037424fe450 mode 2
Event: 1.975 Thread 0x000001e2de54f410 Uncommon trap: trap_request=0xffffffbe fr.pc=0x000001e2ee261798 relative=0x00000000000002f8
Event: 1.975 Thread 0x000001e2de54f410 Uncommon trap: reason=profile_predicate action=maybe_recompile pc=0x000001e2ee261798 method=java.util.HashMap.keysToArray([Ljava/lang/Object;)[Ljava/lang/Object; @ 36 c2
Event: 1.975 Thread 0x000001e2de54f410 DEOPT PACKING pc=0x000001e2ee261798 sp=0x00000037424fe4b0
Event: 1.975 Thread 0x000001e2de54f410 DEOPT UNPACKING pc=0x000001e2eda46da3 sp=0x00000037424fe450 mode 2
Event: 1.975 Thread 0x000001e2de54f410 Uncommon trap: trap_request=0xffffffbe fr.pc=0x000001e2ee261798 relative=0x00000000000002f8
Event: 1.975 Thread 0x000001e2de54f410 Uncommon trap: reason=profile_predicate action=maybe_recompile pc=0x000001e2ee261798 method=java.util.HashMap.keysToArray([Ljava/lang/Object;)[Ljava/lang/Object; @ 36 c2
Event: 1.975 Thread 0x000001e2de54f410 DEOPT PACKING pc=0x000001e2ee261798 sp=0x00000037424fe4b0
Event: 1.975 Thread 0x000001e2de54f410 DEOPT UNPACKING pc=0x000001e2eda46da3 sp=0x00000037424fe450 mode 2
Event: 1.975 Thread 0x000001e2de54f410 Uncommon trap: trap_request=0xffffffbe fr.pc=0x000001e2ee261798 relative=0x00000000000002f8
Event: 1.975 Thread 0x000001e2de54f410 Uncommon trap: reason=profile_predicate action=maybe_recompile pc=0x000001e2ee261798 method=java.util.HashMap.keysToArray([Ljava/lang/Object;)[Ljava/lang/Object; @ 36 c2
Event: 1.975 Thread 0x000001e2de54f410 DEOPT PACKING pc=0x000001e2ee261798 sp=0x00000037424fe4b0
Event: 1.975 Thread 0x000001e2de54f410 DEOPT UNPACKING pc=0x000001e2eda46da3 sp=0x00000037424fe450 mode 2

Classes loaded (20 events):
Event: 1.731 Loading class java/util/EnumMap$Values
Event: 1.732 Loading class java/util/EnumMap$Values done
Event: 1.732 Loading class java/util/EnumMap$ValueIterator
Event: 1.732 Loading class java/util/EnumMap$ValueIterator done
Event: 1.820 Loading class java/lang/IllegalAccessError
Event: 1.820 Loading class java/lang/IllegalAccessError done
Event: 1.859 Loading class java/util/zip/GZIPInputStream
Event: 1.859 Loading class java/util/zip/GZIPInputStream done
Event: 1.902 Loading class java/util/Vector$Itr
Event: 1.903 Loading class java/util/Vector$Itr done
Event: 1.909 Loading class java/util/zip/Deflater
Event: 1.909 Loading class java/util/zip/Deflater done
Event: 1.909 Loading class java/util/zip/Deflater$DeflaterZStreamRef
Event: 1.909 Loading class java/util/zip/Deflater$DeflaterZStreamRef done
Event: 1.910 Loading class java/util/Vector$1
Event: 1.910 Loading class java/util/Vector$1 done
Event: 1.911 Loading class java/io/DataOutputStream
Event: 1.911 Loading class java/io/DataOutputStream done
Event: 1.974 Loading class sun/security/provider/MD5
Event: 1.975 Loading class sun/security/provider/MD5 done

Classes unloaded (0 events):
No events

Classes redefined (0 events):
No events

Internal exceptions (20 events):
Event: 1.618 Thread 0x000001e2de54f410 Exception <a 'sun/nio/fs/WindowsException'{0x0000000604c18248}> (0x0000000604c18248) 
thrown [s\open\src\hotspot\share\prims\jni.cpp, line 517]
Event: 1.623 Thread 0x000001e2de54f410 Exception <a 'sun/nio/fs/WindowsException'{0x0000000604c330e0}> (0x0000000604c330e0) 
thrown [s\open\src\hotspot\share\prims\jni.cpp, line 517]
Event: 1.623 Thread 0x000001e2de54f410 Exception <a 'sun/nio/fs/WindowsException'{0x0000000604c33850}> (0x0000000604c33850) 
thrown [s\open\src\hotspot\share\prims\jni.cpp, line 517]
Event: 1.638 Thread 0x000001e2de54f410 Exception <a 'java/lang/NoSuchMethodError'{0x0000000604ca0200}: 'java.lang.Object java.lang.invoke.DirectMethodHandle$Holder.newInvokeSpecial(java.lang.Object, java.lang.Object, java.lang.Object, java.lang.Object, java.lang.Object, java.lang.Object, java.lang.Object, int)'> (0x0000000604ca0200) 
thrown [s\open\src\hotspot\share\interpreter\linkResolver.cpp, line 774]
Event: 1.638 Thread 0x000001e2de54f410 Exception <a 'java/lang/NoSuchMethodError'{0x0000000604ca5ac8}: 'java.lang.Object java.lang.invoke.DirectMethodHandle$Holder.invokeSpecial(java.lang.Object, java.lang.Object, java.lang.Object, java.lang.Object, java.lang.Object, java.lang.Object, java.lang.Object, java.lang.Object, int)'> (0x0000000604ca5ac8) 
thrown [s\open\src\hotspot\share\interpreter\linkResolver.cpp, line 774]
Event: 1.656 Thread 0x000001e2de54f410 Exception <a 'java/lang/NoSuchMethodError'{0x0000000604db7a00}: 'java.lang.Object java.lang.invoke.DirectMethodHandle$Holder.newInvokeSpecial(java.lang.Object, java.lang.Object, java.lang.Object, java.lang.Object, java.lang.Object, java.lang.Object, java.lang.Object, java.lang.Object)'> (0x0000000604db7a00) 
thrown [s\open\src\hotspot\share\interpreter\linkResolver.cpp, line 774]
Event: 1.689 Thread 0x000001e2de54f410 Exception <a 'java/lang/NoSuchMethodError'{0x0000000604f18c60}: 'java.lang.Object java.lang.invoke.DirectMethodHandle$Holder.invokeStatic(java.lang.Object, int, java.lang.Object, java.lang.Object)'> (0x0000000604f18c60) 
thrown [s\open\src\hotspot\share\interpreter\linkResolver.cpp, line 774]
Event: 1.689 Thread 0x000001e2de54f410 Exception <a 'java/lang/NoSuchMethodError'{0x0000000604f1d880}: 'java.lang.Object java.lang.invoke.DirectMethodHandle$Holder.invokeSpecial(java.lang.Object, java.lang.Object, int, java.lang.Object, java.lang.Object)'> (0x0000000604f1d880) 
thrown [s\open\src\hotspot\share\interpreter\linkResolver.cpp, line 774]
Event: 1.689 Thread 0x000001e2de54f410 Exception <a 'java/lang/NoSuchMethodError'{0x0000000604f21f40}: 'java.lang.Object java.lang.invoke.DelegatingMethodHandle$Holder.delegate(java.lang.Object, int, java.lang.Object, java.lang.Object)'> (0x0000000604f21f40) 
thrown [s\open\src\hotspot\share\interpreter\linkResolver.cpp, line 774]
Event: 1.690 Thread 0x000001e2de54f410 Exception <a 'java/lang/NoSuchMethodError'{0x0000000604f328f8}: 'int java.lang.invoke.Invokers$Holder.linkToTargetMethod(java.lang.Object, java.lang.Object, java.lang.Object)'> (0x0000000604f328f8) 
thrown [s\open\src\hotspot\share\interpreter\linkResolver.cpp, line 774]
Event: 1.693 Thread 0x000001e2de54f410 Exception <a 'sun/nio/fs/WindowsException'{0x0000000604f4d338}> (0x0000000604f4d338) 
thrown [s\open\src\hotspot\share\prims\jni.cpp, line 517]
Event: 1.693 Thread 0x000001e2de54f410 Exception <a 'sun/nio/fs/WindowsException'{0x0000000604f4daa8}> (0x0000000604f4daa8) 
thrown [s\open\src\hotspot\share\prims\jni.cpp, line 517]
Event: 1.705 Thread 0x000001e2de54f410 Exception <a 'sun/nio/fs/WindowsException'{0x0000000604fa96c8}> (0x0000000604fa96c8) 
thrown [s\open\src\hotspot\share\prims\jni.cpp, line 517]
Event: 1.705 Thread 0x000001e2de54f410 Exception <a 'sun/nio/fs/WindowsException'{0x0000000604fa9e40}> (0x0000000604fa9e40) 
thrown [s\open\src\hotspot\share\prims\jni.cpp, line 517]
Event: 1.725 Thread 0x000001e2de54f410 Exception <a 'sun/nio/fs/WindowsException'{0x00000006048ec810}> (0x00000006048ec810) 
thrown [s\open\src\hotspot\share\prims\jni.cpp, line 517]
Event: 1.730 Thread 0x000001e2de54f410 Exception <a 'sun/nio/fs/WindowsException'{0x000000060491a000}> (0x000000060491a000) 
thrown [s\open\src\hotspot\share\prims\jni.cpp, line 517]
Event: 1.880 Thread 0x000001e2ff817160 Implicit null exception at 0x000001e2ee14b084 to 0x000001e2ee14b168
Event: 1.912 Thread 0x000001e2de54f410 Exception <a 'java/lang/NoSuchMethodError'{0x000000061cd27900}: 'void java.lang.invoke.DirectMethodHandle$Holder.invokeVirtual(java.lang.Object, java.lang.Object, long)'> (0x000000061cd27900) 
thrown [s\open\src\hotspot\share\interpreter\linkResolver.cpp, line 774]
Event: 1.912 Thread 0x000001e2de54f410 Exception <a 'java/lang/NoSuchMethodError'{0x000000061cd2b568}: 'long java.lang.invoke.DirectMethodHandle$Holder.invokeStatic(java.lang.Object, java.lang.Object, int)'> (0x000000061cd2b568) 
thrown [s\open\src\hotspot\share\interpreter\linkResolver.cpp, line 774]
Event: 1.912 Thread 0x000001e2de54f410 Exception <a 'java/lang/NoSuchMethodError'{0x000000061cd367b8}: 'void java.lang.invoke.DelegatingMethodHandle$Holder.reinvoke_L(java.lang.Object, java.lang.Object, long)'> (0x000000061cd367b8) 
thrown [s\open\src\hotspot\share\interpreter\linkResolver.cpp, line 774]

VM Operations (20 events):
Event: 1.628 Executing VM operation: HandshakeAllThreads
Event: 1.628 Executing VM operation: HandshakeAllThreads done
Event: 1.659 Executing VM operation: ICBufferFull
Event: 1.659 Executing VM operation: ICBufferFull done
Event: 1.683 Executing VM operation: HandshakeAllThreads
Event: 1.683 Executing VM operation: HandshakeAllThreads done
Event: 1.698 Executing VM operation: ICBufferFull
Event: 1.698 Executing VM operation: ICBufferFull done
Event: 1.730 Executing VM operation: ICBufferFull
Event: 1.730 Executing VM operation: ICBufferFull done
Event: 1.822 Executing VM operation: ICBufferFull
Event: 1.823 Executing VM operation: ICBufferFull done
Event: 1.868 Executing VM operation: HandshakeAllThreads
Event: 1.868 Executing VM operation: HandshakeAllThreads done
Event: 1.873 Executing VM operation: G1CollectForAllocation
Event: 1.880 Executing VM operation: G1CollectForAllocation done
Event: 1.979 Executing VM operation: HandshakeAllThreads
Event: 1.979 Executing VM operation: HandshakeAllThreads done
Event: 1.979 Executing VM operation: HandshakeAllThreads
Event: 1.979 Executing VM operation: HandshakeAllThreads done

Events (15 events):
Event: 0.008 Thread 0x000001e2de54f410 Thread added: 0x000001e2de54f410
Event: 0.017 Thread 0x000001e2ff8161d0 Thread added: 0x000001e2ff8161d0
Event: 0.017 Thread 0x000001e2ff817160 Thread added: 0x000001e2ff817160
Event: 0.017 Thread 0x000001e2ff819900 Thread added: 0x000001e2ff819900
Event: 0.017 Thread 0x000001e2ff81a230 Thread added: 0x000001e2ff81a230
Event: 0.017 Thread 0x000001e2ff81ad00 Thread added: 0x000001e2ff81ad00
Event: 0.018 Thread 0x000001e2ff81bab0 Thread added: 0x000001e2ff81bab0
Event: 0.018 Thread 0x000001e2ff81db40 Thread added: 0x000001e2ff81db40
Event: 0.018 Thread 0x000001e2ff82f6d0 Thread added: 0x000001e2ff82f6d0
Event: 0.018 Thread 0x000001e2ff833200 Thread added: 0x000001e2ff833200
Event: 0.029 Thread 0x000001e2ff937270 Thread added: 0x000001e2ff937270
Event: 0.052 Thread 0x000001e2ffaa8690 Thread added: 0x000001e2ffaa8690
Event: 0.052 Thread 0x000001e2ffaa8bd0 Thread added: 0x000001e2ffaa8bd0
Event: 0.062 Thread 0x000001e2ffa228e0 Thread added: 0x000001e2ffa228e0
Event: 0.317 Thread 0x000001e290417630 Thread added: 0x000001e290417630


Dynamic libraries:
0x00007ff710ec0000 - 0x00007ff710ece000 	C:\Users\Neilli\.jdks\openjdk-19.0.2\bin\java.exe
0x00007ffc30010000 - 0x00007ffc30208000 	C:\Windows\SYSTEM32\ntdll.dll
0x00007ffc2e230000 - 0x00007ffc2e2ef000 	C:\Windows\System32\KERNEL32.DLL
0x00007ffc2d750000 - 0x00007ffc2da22000 	C:\Windows\System32\KERNELBASE.dll
0x00007ffc2df50000 - 0x00007ffc2e050000 	C:\Windows\System32\ucrtbase.dll
0x00007ffc108a0000 - 0x00007ffc108bb000 	C:\Users\Neilli\.jdks\openjdk-19.0.2\bin\VCRUNTIME140.dll
0x00007ffc082c0000 - 0x00007ffc082d7000 	C:\Users\Neilli\.jdks\openjdk-19.0.2\bin\jli.dll
0x00007ffc2fe20000 - 0x00007ffc2ffc1000 	C:\Windows\System32\USER32.dll
0x00007ffc2dbf0000 - 0x00007ffc2dc12000 	C:\Windows\System32\win32u.dll
0x00007ffc22cb0000 - 0x00007ffc22f4a000 	C:\Windows\WinSxS\amd64_microsoft.windows.common-controls_6595b64144ccf1df_6.0.19041.1110_none_60b5254171f9507e\COMCTL32.dll
0x00007ffc2f2a0000 - 0x00007ffc2f2cb000 	C:\Windows\System32\GDI32.dll
0x00007ffc2f020000 - 0x00007ffc2f0be000 	C:\Windows\System32\msvcrt.dll
0x00007ffc2dc50000 - 0x00007ffc2dd5f000 	C:\Windows\System32\gdi32full.dll
0x00007ffc2daa0000 - 0x00007ffc2db3d000 	C:\Windows\System32\msvcp_win.dll
0x00007ffc2efc0000 - 0x00007ffc2eff2000 	C:\Windows\System32\IMM32.DLL
0x00007ffc08320000 - 0x00007ffc0832c000 	C:\Users\Neilli\.jdks\openjdk-19.0.2\bin\vcruntime140_1.dll
0x00007ffc01420000 - 0x00007ffc014ae000 	C:\Users\Neilli\.jdks\openjdk-19.0.2\bin\msvcp140.dll
0x00007ffbb4bc0000 - 0x00007ffbb5880000 	C:\Users\Neilli\.jdks\openjdk-19.0.2\bin\server\jvm.dll
0x00007ffc2e180000 - 0x00007ffc2e22e000 	C:\Windows\System32\ADVAPI32.dll
0x00007ffc2f2d0000 - 0x00007ffc2f36c000 	C:\Windows\System32\sechost.dll
0x00007ffc2eca0000 - 0x00007ffc2edc5000 	C:\Windows\System32\RPCRT4.dll
0x00007ffc1f5d0000 - 0x00007ffc1f5f7000 	C:\Windows\SYSTEM32\WINMM.dll
0x00007ffc0d990000 - 0x00007ffc0d999000 	C:\Windows\SYSTEM32\WSOCK32.dll
0x00007ffc27310000 - 0x00007ffc2731a000 	C:\Windows\SYSTEM32\VERSION.dll
0x00007ffc2f230000 - 0x00007ffc2f29b000 	C:\Windows\System32\WS2_32.dll
0x00007ffc2b5e0000 - 0x00007ffc2b5f2000 	C:\Windows\SYSTEM32\kernel.appcore.dll
0x00007ffc115e0000 - 0x00007ffc115ea000 	C:\Users\Neilli\.jdks\openjdk-19.0.2\bin\jimage.dll
0x00007ffc1d6e0000 - 0x00007ffc1d8c4000 	C:\Windows\SYSTEM32\DBGHELP.DLL
0x00007ffc16ba0000 - 0x00007ffc16bd5000 	C:\Windows\SYSTEM32\dbgcore.DLL
0x00007ffc2dec0000 - 0x00007ffc2df42000 	C:\Windows\System32\bcryptPrimitives.dll
0x00007ffc01650000 - 0x00007ffc0165e000 	C:\Users\Neilli\.jdks\openjdk-19.0.2\bin\instrument.dll
0x00007ffc115b0000 - 0x00007ffc115d6000 	C:\Users\Neilli\.jdks\openjdk-19.0.2\bin\java.dll
0x00007ffc00db0000 - 0x00007ffc00e87000 	C:\Users\Neilli\.jdks\openjdk-19.0.2\bin\jsvml.dll
0x00007ffc2f370000 - 0x00007ffc2fab5000 	C:\Windows\System32\SHELL32.dll
0x00007ffc2b7e0000 - 0x00007ffc2bf72000 	C:\Windows\SYSTEM32\windows.storage.dll
0x00007ffc2fac0000 - 0x00007ffc2fe15000 	C:\Windows\System32\combase.dll
0x00007ffc2d160000 - 0x00007ffc2d190000 	C:\Windows\SYSTEM32\Wldp.dll
0x00007ffc2e2f0000 - 0x00007ffc2e39d000 	C:\Windows\System32\SHCORE.dll
0x00007ffc2e620000 - 0x00007ffc2e675000 	C:\Windows\System32\shlwapi.dll
0x00007ffc2d640000 - 0x00007ffc2d65f000 	C:\Windows\SYSTEM32\profapi.dll
0x00007ffc01520000 - 0x00007ffc01538000 	C:\Users\Neilli\.jdks\openjdk-19.0.2\bin\zip.dll
0x00007ffc01660000 - 0x00007ffc01673000 	C:\Users\Neilli\.jdks\openjdk-19.0.2\bin\net.dll
0x00007ffc26130000 - 0x00007ffc2623c000 	C:\Windows\SYSTEM32\WINHTTP.dll
0x00007ffc2ce50000 - 0x00007ffc2ceba000 	C:\Windows\system32\mswsock.dll
0x00007ffc01540000 - 0x00007ffc01556000 	C:\Users\Neilli\.jdks\openjdk-19.0.2\bin\nio.dll
0x00007ffc01630000 - 0x00007ffc0164a000 	C:\Program Files\JetBrains\IntelliJ IDEA Community Edition 2022.3.2\bin\breakgen64.dll
0x00007ffc115a0000 - 0x00007ffc115a8000 	C:\Users\Neilli\.jdks\openjdk-19.0.2\bin\extnet.dll
0x00007ffc03a70000 - 0x00007ffc03a80000 	C:\Users\Neilli\.jdks\openjdk-19.0.2\bin\verify.dll
0x00007ffc2d050000 - 0x00007ffc2d068000 	C:\Windows\SYSTEM32\CRYPTSP.dll
0x00007ffc2c700000 - 0x00007ffc2c734000 	C:\Windows\system32\rsaenh.dll
0x00007ffc2dc20000 - 0x00007ffc2dc47000 	C:\Windows\System32\bcrypt.dll
0x00007ffc2d5c0000 - 0x00007ffc2d5ee000 	C:\Windows\SYSTEM32\USERENV.dll
0x00007ffc2d040000 - 0x00007ffc2d04c000 	C:\Windows\SYSTEM32\CRYPTBASE.dll
0x00007ffc2cad0000 - 0x00007ffc2cb0b000 	C:\Windows\SYSTEM32\IPHLPAPI.DLL
0x00007ffc2e490000 - 0x00007ffc2e498000 	C:\Windows\System32\NSI.dll
0x00007ffc26580000 - 0x00007ffc26597000 	C:\Windows\SYSTEM32\dhcpcsvc6.DLL
0x00007ffc26ef0000 - 0x00007ffc26f0d000 	C:\Windows\SYSTEM32\dhcpcsvc.DLL
0x00007ffc2cb10000 - 0x00007ffc2cbdb000 	C:\Windows\SYSTEM32\DNSAPI.dll
0x00007ffc01600000 - 0x00007ffc0160a000 	C:\Temp\jansi-1.17.1-17585790282947452691.dll

dbghelp: loaded successfully - version: 4.0.5 - missing functions: none
symbol engine: initialized successfully - sym options: 0x614 - pdb path: .;C:\Users\Neilli\.jdks\openjdk-19.0.2\bin;C:\Windows\SYSTEM32;C:\Windows\WinSxS\amd64_microsoft.windows.common-controls_6595b64144ccf1df_6.0.19041.1110_none_60b5254171f9507e;C:\Users\Neilli\.jdks\openjdk-19.0.2\bin\server;C:\Program Files\JetBrains\IntelliJ IDEA Community Edition 2022.3.2\bin;C:\Temp

VM Arguments:
jvm_args: -Dmaven.multiModuleProjectDirectory=C:\Users\Neilli\IdeaProjects\XmlBuilderApp -Djansi.passthrough=true -Dmaven.home=C:\Program Files\JetBrains\IntelliJ IDEA Community Edition 2022.3.2\plugins\maven\lib\maven3 -Dclassworlds.conf=C:\Program Files\JetBrains\IntelliJ IDEA Community Edition 2022.3.2\plugins\maven\lib\maven3\bin\m2.conf -Dmaven.ext.class.path=C:\Program Files\JetBrains\IntelliJ IDEA Community Edition 2022.3.2\plugins\maven\lib\maven-event-listener.jar -javaagent:C:\Program Files\JetBrains\IntelliJ IDEA Community Edition 2022.3.2\lib\idea_rt.jar=49913:C:\Program Files\JetBrains\IntelliJ IDEA Community Edition 2022.3.2\bin -Dfile.encoding=UTF-8 -Dsun.stdout.encoding=UTF-8 -Dsun.stderr.encoding=UTF-8 
java_command: org.codehaus.classworlds.Launcher -Didea.version=2022.3.2 install
java_class_path (initial): C:\Program Files\JetBrains\IntelliJ IDEA Community Edition 2022.3.2\plugins\maven\lib\maven3\boot\plexus-classworlds-2.6.0.jar;C:\Program Files\JetBrains\IntelliJ IDEA Community Edition 2022.3.2\plugins\maven\lib\maven3\boot\plexus-classworlds.license
Launcher Type: SUN_STANDARD

[Global flags]
     intx CICompilerCount                          = 4                                         {product} {ergonomic}
     uint ConcGCThreads                            = 3                                         {product} {ergonomic}
     uint G1ConcRefinementThreads                  = 10                                        {product} {ergonomic}
   size_t G1HeapRegionSize                         = 4194304                                   {product} {ergonomic}
    uintx GCDrainStackTargetSize                   = 64                                        {product} {ergonomic}
   size_t InitialHeapSize                          = 536870912                                 {product} {ergonomic}
   size_t MarkStackSize                            = 4194304                                   {product} {ergonomic}
   size_t MaxHeapSize                              = 8543797248                                {product} {ergonomic}
   size_t MaxNewSize                               = 5125439488                                {product} {ergonomic}
   size_t MinHeapDeltaBytes                        = 4194304                                   {product} {ergonomic}
   size_t MinHeapSize                              = 8388608                                   {product} {ergonomic}
    uintx NonNMethodCodeHeapSize                   = 5839372                                {pd product} {ergonomic}
    uintx NonProfiledCodeHeapSize                  = 122909434                              {pd product} {ergonomic}
    uintx ProfiledCodeHeapSize                     = 122909434                              {pd product} {ergonomic}
    uintx ReservedCodeCacheSize                    = 251658240                              {pd product} {ergonomic}
     bool SegmentedCodeCache                       = true                                      {product} {ergonomic}
   size_t SoftMaxHeapSize                          = 8543797248                             {manageable} {ergonomic}
     bool UseCompressedClassPointers               = true                           {product lp64_product} {ergonomic}
     bool UseCompressedOops                        = true                           {product lp64_product} {ergonomic}
     bool UseG1GC                                  = true                                      {product} {ergonomic}
     bool UseLargePagesIndividualAllocation        = false                                  {pd product} {ergonomic}

Logging:
Log output configuration:
 #0: stdout all=warning uptime,level,tags foldmultilines=false
 #1: stderr all=off uptime,level,tags foldmultilines=false

Environment Variables:
JAVA_HOME=C:\Program Files\Amazon Corretto\jdk11.0.18_10
PATH=C:\Python311\Scripts\;C:\Python311\;C:\Program Files\Amazon Corretto\jdk11.0.18_10\bin;C:\Windows\system32;C:\Windows;C:\Windows\System32\Wbem;C:\Windows\System32\WindowsPowerShell\v1.0\;C:\Program Files (x86)\NVIDIA Corporation\PhysX\Common;C:\Program Files\NVIDIA Corporation\NVIDIA NvDLISR;C:\Program Files\Git\cmd;C:\Program Files\nodejs\;C:\ProgramData\chocolatey\bin;C:\Users\Neilli\AppData\Local\Microsoft\WindowsApps;C:\Program Files\Amazon Corretto\jdk11.0.18_10\bin;C:\Program Files\apache-maven-3.9.0\bin;C:\Users\Neilli\AppData\Roaming\npm
USERNAME=Neilli
OS=Windows_NT
PROCESSOR_IDENTIFIER=Intel64 Family 6 Model 151 Stepping 5, GenuineIntel
TMP=C:\Temp
TEMP=C:\Temp



---------------  S Y S T E M  ---------------

OS:
 Windows 10 , 64 bit Build 19041 (10.0.19041.2546)
OS uptime: 0 days 2:30 hours

CPU: total 12 (initial active 12) (6 cores per cpu, 2 threads per core) family 6 model 151 stepping 5 microcode 0x23, cx8, cmov, fxsr, ht, mmx, 3dnowpref, sse, sse2, sse3, ssse3, sse4.1, sse4.2, popcnt, lzcnt, tsc, tscinvbit, avx, avx2, aes, erms, clmul, bmi1, bmi2, adx, sha, fma, vzeroupper, clflush, clflushopt, clwb, serialize, rdtscp, rdpid, fsrm

Memory: 4k page, system-wide physical 32581M (17961M free)
TotalPageFile size 37445M (AvailPageFile size 18696M)
current process WorkingSet (physical memory assigned to process): 222M, peak: 222M
current process commit charge ("private bytes"): 269M, peak: 673M

vm_info: OpenJDK 64-Bit Server VM (19.0.2+7-44) for windows-amd64 JRE (19.0.2+7-44), built on 2022-11-30T18:02:09Z by "mach5one" with MS VC++ 17.1 (VS2022)

END.
